SF:lib/src/core.dart
DA:47,1
DA:55,0
DA:56,0
DA:60,0
DA:75,0
DA:82,0
DA:86,0
DA:88,0
DA:89,0
DA:90,0
DA:94,0
DA:95,0
DA:98,0
DA:100,0
DA:103,0
DA:104,0
DA:105,0
DA:106,0
DA:110,0
DA:111,0
DA:113,0
DA:117,0
DA:119,0
DA:124,0
DA:125,0
DA:126,0
DA:127,0
DA:143,0
DA:144,0
DA:145,0
DA:146,0
DA:148,0
DA:160,0
DA:161,0
DA:162,0
DA:163,0
DA:164,0
DA:165,0
DA:166,0
DA:167,0
DA:169,0
DA:170,0
DA:182,0
DA:183,0
DA:184,0
DA:185,0
DA:186,0
DA:187,0
DA:188,0
DA:189,0
DA:207,0
DA:212,0
DA:213,0
DA:214,0
DA:215,0
DA:216,0
DA:217,0
DA:221,0
DA:222,0
DA:223,0
DA:224,0
DA:225,0
DA:226,0
DA:227,0
DA:228,0
DA:240,0
DA:241,0
DA:242,0
DA:243,0
DA:244,0
DA:245,0
DA:246,0
DA:247,0
DA:257,0
DA:258,0
DA:259,0
DA:260,0
DA:261,0
DA:262,0
DA:263,0
DA:264,0
DA:265,0
DA:266,0
DA:267,0
DA:268,0
DA:271,0
DA:272,0
DA:279,0
DA:280,0
DA:281,0
DA:282,0
DA:283,0
DA:284,0
DA:285,0
DA:286,0
DA:287,0
DA:288,0
DA:289,0
DA:290,0
DA:291,0
DA:292,0
DA:295,0
DA:296,0
DA:303,0
DA:304,0
DA:305,0
DA:306,0
DA:307,0
DA:308,0
DA:309,0
DA:310,0
DA:311,0
DA:312,0
DA:313,0
DA:314,0
DA:318,0
DA:319,0
DA:326,0
DA:331,0
DA:332,0
DA:333,0
DA:334,0
DA:335,0
DA:336,0
DA:337,0
DA:338,0
DA:339,0
DA:340,0
DA:343,0
DA:344,0
DA:345,0
DA:346,0
DA:347,0
DA:349,0
DA:350,0
DA:354,0
DA:355,0
DA:362,0
DA:366,0
DA:367,0
DA:369,0
DA:370,0
DA:371,0
DA:372,0
DA:373,0
DA:374,0
DA:375,0
DA:376,0
DA:377,0
DA:378,0
DA:379,0
DA:380,0
DA:381,0
DA:384,0
DA:385,0
DA:401,0
DA:409,0
DA:410,0
DA:411,0
DA:412,0
DA:415,0
DA:423,0
DA:425,0
DA:426,0
DA:428,0
DA:430,0
DA:432,0
DA:435,0
DA:436,0
DA:437,0
DA:439,0
DA:440,0
DA:447,0
DA:448,0
DA:449,0
DA:450,0
DA:451,0
DA:453,0
DA:454,0
DA:456,0
DA:459,0
DA:461,0
DA:467,0
DA:468,0
DA:470,0
DA:478,0
DA:483,0
DA:486,0
DA:487,0
DA:488,0
DA:490,0
DA:491,0
DA:493,0
DA:496,0
DA:497,0
DA:501,0
DA:503,0
DA:504,0
DA:506,0
DA:507,0
DA:508,0
DA:509,0
DA:511,0
DA:512,0
DA:515,0
DA:519,0
DA:522,0
DA:524,0
DA:525,0
DA:527,0
DA:529,0
DA:530,0
DA:531,0
DA:532,0
DA:534,0
DA:535,0
DA:538,0
DA:539,0
DA:540,0
DA:541,0
DA:543,0
DA:545,0
DA:546,0
DA:547,0
DA:548,0
DA:549,0
DA:551,0
DA:552,0
DA:554,0
DA:555,0
DA:557,0
DA:558,0
DA:561,0
DA:562,0
DA:563,0
DA:564,0
DA:566,0
DA:569,0
DA:570,0
DA:571,0
DA:573,0
DA:574,0
DA:577,0
DA:578,0
DA:579,0
DA:580,0
DA:584,0
DA:592,1
DA:604,1
DA:610,2
DA:611,1
DA:612,0
DA:616,1
DA:618,0
DA:619,0
DA:620,0
DA:621,0
DA:623,0
DA:624,0
DA:627,0
DA:630,0
DA:632,0
DA:633,0
DA:634,0
DA:635,0
DA:636,0
DA:638,0
DA:639,0
DA:641,0
DA:642,0
DA:643,0
DA:644,0
DA:646,0
DA:647,0
DA:649,0
DA:650,0
DA:652,0
DA:653,0
DA:654,0
DA:655,0
DA:657,0
DA:658,0
DA:660,0
DA:661,0
DA:663,0
DA:664,0
DA:667,0
DA:668,0
DA:669,0
DA:677,2
DA:682,0
DA:683,0
DA:686,2
DA:689,1
DA:691,0
DA:694,1
DA:695,6
DA:700,0
DA:704,0
DA:705,0
DA:707,0
DA:708,0
DA:709,0
DA:710,0
DA:712,0
DA:713,0
DA:716,0
DA:720,0
DA:723,0
DA:725,0
DA:726,0
DA:728,0
DA:730,0
DA:731,0
DA:732,0
DA:733,0
DA:735,0
DA:737,0
DA:738,0
DA:739,0
DA:740,0
DA:741,0
DA:742,0
DA:743,0
DA:744,0
DA:745,0
DA:746,0
DA:747,0
DA:749,0
DA:750,0
DA:752,0
DA:753,0
DA:755,0
DA:757,0
DA:758,0
DA:759,0
DA:760,0
DA:761,0
DA:762,0
DA:765,0
DA:766,0
DA:767,0
DA:769,0
DA:770,0
DA:773,0
DA:774,0
DA:775,0
DA:776,0
DA:781,0
DA:786,3
DA:787,2
DA:788,1
DA:789,0
DA:791,1
DA:792,3
DA:795,1
DA:796,0
DA:797,0
DA:801,3
DA:804,2
DA:806,2
DA:810,0
DA:822,0
DA:827,0
DA:828,0
DA:829,0
DA:830,0
DA:832,0
DA:833,0
DA:834,0
DA:835,0
DA:836,0
DA:837,0
DA:838,0
DA:839,0
DA:843,0
DA:850,0
DA:856,0
DA:857,0
DA:858,0
DA:859,0
DA:860,0
DA:864,0
DA:865,0
DA:866,0
DA:869,0
DA:871,0
DA:872,0
DA:874,0
DA:876,0
DA:877,0
DA:878,0
DA:879,0
DA:880,0
DA:881,0
DA:882,0
DA:883,0
DA:884,0
DA:887,0
DA:890,0
DA:892,0
DA:893,0
DA:894,0
DA:895,0
DA:897,0
DA:898,0
DA:900,0
DA:901,0
DA:902,0
DA:903,0
DA:905,0
DA:906,0
DA:908,0
DA:914,0
DA:917,0
DA:919,0
DA:920,0
DA:922,0
DA:923,0
DA:932,0
DA:937,0
DA:938,0
DA:944,0
DA:953,0
DA:957,0
DA:965,0
DA:969,0
DA:977,0
DA:981,0
DA:989,0
DA:993,0
DA:1000,0
DA:1013,0
DA:1014,0
DA:1016,0
DA:1018,0
DA:1019,0
DA:1020,0
DA:1024,0
DA:1035,0
DA:1037,0
DA:1038,0
DA:1043,0
DA:1044,0
DA:1047,0
DA:1050,0
DA:1051,0
DA:1052,0
DA:1053,0
DA:1056,0
DA:1061,0
DA:1068,0
DA:1073,0
DA:1074,0
DA:1075,0
DA:1076,0
DA:1077,0
DA:1078,0
DA:1095,0
DA:1107,0
DA:1120,0
DA:1138,0
DA:1150,0
DA:1163,0
DA:1175,0
DA:1179,0
DA:1183,0
DA:1186,0
DA:1187,0
DA:1188,0
DA:1189,0
DA:1208,0
DA:1216,0
DA:1217,0
DA:1218,0
DA:1221,0
DA:1229,0
DA:1230,0
DA:1231,0
DA:1254,0
DA:1266,0
DA:1267,0
DA:1268,0
DA:1272,0
DA:1282,0
DA:1285,0
DA:1286,0
DA:1287,0
DA:1297,0
DA:1302,1
DA:1314,1
LF:491
LH:22
end_of_record
SF:lib/src/extensions.dart
DA:8,1
DA:9,6
DA:11,2
DA:13,1
LF:4
LH:4
end_of_record
SF:lib/src/query.dart
DA:19,1
DA:27,1
DA:28,1
DA:29,1
DA:30,3
DA:31,1
DA:32,3
DA:33,1
DA:34,4
DA:35,1
DA:36,4
DA:37,1
DA:38,4
DA:39,1
DA:40,4
DA:41,1
DA:42,4
DA:43,1
DA:44,4
DA:45,1
DA:46,4
DA:47,1
DA:48,1
DA:49,2
DA:50,1
DA:51,1
DA:52,1
DA:54,1
DA:55,1
DA:56,2
DA:57,1
DA:58,1
DA:59,1
DA:61,1
DA:62,4
DA:63,1
DA:64,4
DA:65,1
DA:66,3
DA:67,1
DA:68,3
DA:69,1
DA:70,4
DA:71,1
DA:72,4
DA:73,1
DA:74,4
DA:75,1
DA:76,4
DA:77,1
DA:78,4
DA:79,1
DA:80,4
DA:81,1
DA:82,1
DA:83,2
DA:84,1
DA:85,1
DA:86,1
DA:87,1
DA:89,1
DA:90,1
DA:91,2
DA:92,1
DA:93,1
DA:94,1
DA:95,1
DA:97,1
DA:98,1
DA:99,2
DA:100,1
DA:101,1
DA:102,1
DA:103,1
DA:105,1
DA:106,4
DA:107,1
DA:108,4
DA:109,1
DA:110,4
DA:111,1
DA:112,1
DA:113,2
DA:114,1
DA:115,1
DA:116,1
DA:118,1
DA:119,4
DA:122,1
DA:133,1
DA:135,2
DA:146,1
DA:151,2
DA:156,1
DA:157,1
DA:158,1
DA:161,1
DA:162,1
DA:163,2
DA:164,1
DA:165,2
DA:166,1
DA:167,2
DA:168,1
DA:169,2
DA:170,1
DA:171,2
DA:172,1
DA:173,2
DA:178,1
DA:182,2
DA:184,3
DA:186,3
DA:192,1
DA:193,1
DA:198,1
DA:199,1
DA:204,1
DA:205,1
DA:210,1
DA:211,1
DA:212,2
DA:217,1
DA:218,1
DA:223,1
DA:224,1
DA:229,0
DA:230,0
DA:231,0
DA:232,0
DA:233,0
DA:234,0
DA:235,0
DA:236,0
DA:237,0
DA:239,0
DA:243,0
DA:244,0
DA:245,0
DA:254,0
DA:255,0
DA:259,0
DA:260,0
DA:264,0
DA:265,0
DA:269,0
DA:270,0
DA:274,0
DA:275,0
DA:285,0
DA:286,0
DA:287,0
DA:288,0
DA:289,0
DA:290,0
DA:291,0
DA:292,0
DA:293,0
DA:298,1
DA:299,2
DA:300,3
DA:301,1
DA:302,1
DA:303,1
DA:304,1
DA:305,1
LF:166
LH:134
end_of_record
SF:lib/src/sort_builder.dart
DA:16,6
DA:20,2
DA:21,4
DA:22,2
DA:35,2
DA:36,2
DA:37,6
DA:47,2
DA:48,2
DA:49,6
DA:55,10
DA:58,1
DA:59,1
DA:60,3
LF:14
LH:14
end_of_record
SF:lib/src/sql_function_column.dart
DA:12,2
DA:13,4
DA:19,1
DA:20,1
DA:27,2
DA:28,2
LF:6
LH:6
end_of_record
SF:lib/src/where_builder.dart
DA:15,3
DA:17,3
DA:18,6
DA:19,1
DA:20,1
DA:21,1
DA:22,4
DA:25,3
DA:28,9
DA:29,6
DA:30,12
DA:31,3
DA:35,3
DA:36,6
DA:37,3
DA:39,6
DA:40,6
DA:42,1
DA:43,3
DA:44,1
DA:87,9
DA:101,3
DA:110,3
DA:111,3
DA:112,2
DA:115,3
DA:116,6
DA:117,2
DA:130,3
DA:131,3
DA:132,4
DA:137,1
DA:138,1
DA:143,1
DA:144,1
DA:145,0
DA:146,0
DA:147,0
DA:153,3
DA:154,12
DA:156,9
DA:161,1
DA:162,4
DA:163,3
DA:178,3
DA:179,3
DA:181,12
DA:193,2
DA:194,2
DA:196,8
DA:208,3
DA:209,3
DA:210,12
DA:222,2
DA:223,2
DA:224,8
DA:236,2
DA:237,2
DA:238,8
DA:250,2
DA:251,2
DA:252,8
DA:268,3
DA:269,3
DA:270,9
DA:282,2
DA:283,2
DA:284,6
DA:296,2
DA:297,2
DA:298,6
DA:310,2
DA:311,2
DA:312,6
DA:324,2
DA:325,2
DA:326,6
DA:335,2
DA:336,2
DA:337,8
DA:342,2
DA:343,2
DA:344,8
DA:349,2
DA:350,2
DA:351,8
DA:356,2
DA:357,2
DA:358,8
DA:363,2
DA:364,2
DA:365,8
DA:370,2
DA:371,2
DA:372,8
DA:380,2
DA:381,2
DA:382,6
DA:383,2
DA:384,2
DA:385,2
DA:391,2
DA:392,2
DA:393,6
DA:394,2
DA:395,2
DA:402,2
DA:403,2
DA:404,6
DA:405,2
DA:406,2
DA:424,2
DA:425,2
DA:426,6
DA:427,2
DA:428,2
DA:434,2
DA:435,2
DA:436,6
DA:437,2
DA:438,2
DA:444,2
DA:445,2
DA:446,8
DA:451,2
DA:452,2
DA:453,8
DA:465,3
DA:466,3
DA:467,3
DA:468,2
DA:471,9
DA:472,9
DA:473,6
DA:485,2
DA:486,2
DA:487,2
DA:488,6
DA:489,6
DA:490,4
DA:505,2
DA:506,2
DA:507,6
DA:518,2
DA:519,2
DA:520,6
DA:535,2
DA:536,2
DA:537,6
DA:548,2
DA:549,2
DA:550,6
DA:574,1
DA:575,1
DA:576,1
DA:578,2
DA:580,1
DA:597,1
DA:598,1
DA:599,1
DA:601,2
DA:603,1
DA:622,1
DA:623,1
DA:625,2
DA:626,2
DA:627,2
DA:629,1
DA:634,3
DA:635,1
DA:636,1
DA:653,2
DA:654,2
DA:655,2
DA:656,8
DA:657,6
DA:658,6
DA:670,2
DA:671,2
DA:672,2
DA:673,8
DA:674,6
DA:675,6
DA:687,2
DA:688,2
DA:689,2
DA:690,8
DA:691,6
DA:692,6
DA:707,2
DA:708,2
DA:709,2
DA:710,8
DA:711,6
DA:712,2
DA:713,8
DA:714,6
DA:715,6
DA:727,2
DA:728,2
DA:729,2
DA:730,6
DA:731,6
DA:732,6
DA:733,6
DA:751,3
DA:752,6
DA:755,3
DA:756,3
DA:758,6
DA:759,3
DA:760,3
DA:761,3
DA:765,9
DA:782,2
DA:783,2
DA:785,4
DA:786,4
DA:788,4
DA:789,2
DA:791,1
DA:792,2
DA:796,2
DA:810,2
DA:811,4
DA:813,4
DA:814,4
DA:815,2
DA:816,2
DA:817,4
DA:818,2
DA:820,2
DA:821,1
DA:822,3
DA:830,2
DA:843,1
DA:844,2
DA:854,6
DA:866,6
DA:869,6
DA:894,1
DA:895,2
DA:896,3
DA:897,4
DA:898,3
DA:899,3
DA:900,3
DA:902,4
DA:903,2
DA:904,2
DA:905,3
DA:906,2
DA:907,3
DA:909,2
DA:910,2
DA:911,3
DA:930,1
DA:931,1
DA:932,1
DA:944,1
DA:945,1
DA:946,1
DA:958,1
DA:964,1
DA:966,1
DA:968,1
DA:979,0
DA:984,0
DA:995,0
DA:1000,0
DA:1023,0
DA:1028,0
DA:1032,0
DA:1034,0
DA:1055,0
DA:1060,0
DA:1062,0
DA:1063,0
DA:1064,0
DA:1065,0
DA:1067,0
DA:1069,0
LF:282
LH:263
end_of_record
