SF:lib/src/database_adapter.dart
DA:12,31
DA:15,93
DA:17,31
DA:22,31
DA:23,31
DA:24,1
DA:26,31
DA:27,31
DA:28,31
DA:31,31
DA:33,31
DA:34,93
DA:35,31
DA:39,30
DA:43,30
DA:44,90
DA:45,30
DA:49,5
DA:62,5
DA:63,0
DA:65,7
DA:66,10
DA:67,6
DA:68,0
DA:69,0
DA:70,0
DA:71,6
DA:72,0
DA:73,5
DA:74,20
DA:76,5
DA:80,31
DA:87,62
DA:88,93
DA:91,1
DA:92,1
DA:94,62
DA:95,31
DA:96,31
DA:97,186
DA:98,31
DA:99,31
DA:100,124
DA:108,8
DA:115,8
DA:116,24
DA:121,4
DA:123,4
DA:124,12
DA:128,13
DA:129,13
DA:131,5
DA:132,5
DA:133,5
DA:135,5
DA:136,5
DA:139,3
DA:144,93
DA:146,93
DA:148,81
DA:150,1
DA:152,1
DA:154,1
DA:156,1
DA:158,1
DA:160,1
DA:170,5
DA:172,0
DA:174,0
DA:176,1
DA:180,2
DA:182,0
DA:194,0
DA:207,4
DA:213,8
DA:220,1
DA:227,2
DA:235,0
DA:237,0
DA:239,0
DA:240,0
DA:248,13
DA:250,13
DA:257,39
DA:260,1
DA:268,2
DA:269,1
DA:273,0
DA:275,0
DA:278,0
DA:280,0
DA:283,0
DA:285,0
DA:288,0
DA:290,0
DA:293,0
DA:295,0
DA:298,13
DA:300,26
DA:302,13
DA:303,26
DA:305,26
DA:306,13
DA:309,0
DA:312,0
DA:315,26
DA:316,13
DA:318,0
DA:334,13
DA:341,1
DA:351,0
DA:358,0
DA:366,13
DA:367,13
DA:368,13
DA:369,13
DA:370,13
DA:371,13
DA:372,13
DA:374,1
DA:375,1
DA:376,1
DA:377,1
DA:378,1
DA:379,1
DA:380,1
DA:382,0
DA:383,0
DA:384,0
DA:385,0
DA:388,0
DA:393,31
DA:400,31
DA:401,2
DA:402,2
DA:403,2
DA:404,1
DA:406,2
DA:407,2
DA:413,7
DA:414,2
DA:415,1
DA:424,0
DA:425,0
DA:427,0
DA:428,0
DA:430,0
DA:431,0
DA:436,1
DA:447,31
DA:448,31
DA:451,31
DA:452,1
DA:454,31
DA:457,31
DA:458,26
DA:460,31
DA:463,31
DA:464,0
LF:159
LH:119
end_of_record
SF:lib/src/db.dart
DA:16,0
DA:17,0
DA:18,0
DA:19,0
DA:20,0
DA:21,0
DA:22,0
DA:83,3
DA:84,6
DA:89,28
DA:90,28
DA:94,31
DA:95,31
DA:96,8
DA:98,60
DA:102,31
DA:114,31
DA:118,4
DA:130,4
DA:132,4
DA:148,31
DA:149,61
DA:152,31
DA:154,31
DA:155,31
DA:159,62
DA:161,31
DA:162,31
DA:163,31
DA:165,1
DA:166,1
DA:168,31
DA:170,31
DA:173,28
DA:174,28
DA:177,31
DA:179,62
DA:181,4
DA:183,2
DA:186,0
DA:189,151
DA:191,31
DA:193,31
DA:194,31
DA:199,31
DA:200,124
DA:201,31
DA:204,31
DA:206,31
DA:208,31
DA:209,62
DA:210,62
DA:211,4
DA:212,2
DA:213,2
DA:214,2
DA:215,0
DA:216,0
DA:222,1
DA:228,31
DA:229,62
DA:230,32
DA:231,3
DA:232,0
DA:233,0
DA:234,0
DA:243,4
DA:246,8
DA:247,4
DA:248,0
DA:249,0
DA:258,31
DA:260,31
DA:264,31
DA:265,91
DA:268,31
DA:271,62
DA:272,31
DA:276,31
DA:278,61
DA:282,1
DA:283,3
DA:286,1
DA:288,2
DA:290,1
DA:292,2
DA:295,1
DA:296,0
DA:297,0
DA:302,1
DA:304,2
DA:308,0
DA:309,0
DA:312,0
DA:315,0
DA:316,0
DA:317,0
DA:318,0
DA:319,0
DA:324,0
DA:325,0
DA:327,0
DA:331,31
DA:332,31
DA:345,31
DA:352,31
DA:354,121
DA:357,31
DA:358,62
DA:361,62
DA:362,31
DA:363,31
DA:366,93
DA:367,93
DA:369,31
DA:370,31
DA:371,31
DA:372,31
DA:376,26
DA:380,62
DA:381,31
DA:384,0
DA:390,0
DA:391,0
DA:392,0
DA:394,0
DA:395,0
DA:397,0
DA:400,0
DA:403,0
DA:404,0
DA:405,0
DA:406,0
DA:407,0
DA:409,0
DA:410,0
DA:418,31
DA:424,31
DA:426,62
DA:427,32
DA:428,2
DA:429,2
DA:430,2
DA:435,31
DA:436,61
DA:441,2
DA:442,3
DA:443,2
DA:445,1
DA:446,5
DA:449,4
DA:452,2
DA:453,2
DA:454,3
DA:460,1
DA:465,1
DA:468,2
DA:471,0
DA:475,2
DA:476,3
DA:481,3
DA:484,2
DA:485,1
DA:486,1
DA:488,1
DA:489,2
DA:492,2
DA:494,2
DA:495,2
DA:504,1
DA:509,1
DA:512,1
DA:515,1
DA:519,1
DA:521,1
DA:522,2
DA:523,1
DA:524,1
DA:525,1
DA:529,1
DA:530,1
DA:534,1
DA:536,3
DA:537,4
DA:538,1
DA:540,2
DA:544,0
DA:545,0
DA:546,0
DA:550,0
DA:552,0
DA:555,0
DA:559,0
DA:560,0
DA:562,0
DA:563,0
DA:564,0
DA:572,1
DA:573,1
DA:574,0
DA:575,0
DA:577,1
DA:579,2
DA:585,2
DA:586,1
DA:588,0
DA:592,1
DA:593,1
DA:594,1
DA:602,26
DA:604,52
DA:605,52
DA:606,26
DA:607,52
DA:608,26
DA:610,26
DA:614,1
DA:615,4
DA:616,2
DA:617,4
DA:618,1
DA:620,2
DA:624,28
DA:630,56
DA:631,0
DA:633,0
DA:634,0
DA:635,0
DA:636,0
DA:638,0
DA:642,0
DA:643,0
DA:649,4
DA:653,4
DA:655,4
DA:657,4
DA:661,8
DA:662,4
DA:666,4
DA:667,4
DA:669,8
DA:670,8
DA:677,2
DA:689,1
DA:695,1
DA:697,1
DA:699,2
DA:701,0
DA:713,0
DA:726,0
DA:728,0
DA:730,0
DA:736,0
DA:738,0
DA:744,0
DA:750,0
DA:751,0
DA:752,0
LF:258
LH:181
end_of_record
SF:lib/src/sql_function.dart
DA:41,1
DA:54,1
DA:55,1
DA:58,1
DA:59,2
DA:60,2
DA:61,2
DA:63,2
DA:82,1
DA:88,1
LF:10
LH:10
end_of_record
SF:lib/src/sqlite_dialect.dart
DA:5,28
DA:7,28
DA:8,140
DA:10,28
DA:13,25
DA:18,10
DA:20,10
DA:21,10
DA:22,50
DA:23,10
DA:24,10
DA:27,10
DA:29,10
LF:13
LH:13
end_of_record
SF:lib/src/database_isolate_common.dart
DA:9,64
DA:15,31
DA:19,33
DA:25,31
DA:31,31
DA:37,0
DA:45,8
DA:52,4
DA:57,0
DA:62,0
DA:66,33
DA:71,31
DA:76,0
DA:83,0
DA:91,0
DA:98,0
DA:105,31
DA:107,32
DA:108,31
DA:112,31
DA:114,62
DA:117,8
DA:118,32
DA:181,0
DA:189,0
DA:191,0
DA:196,0
DA:199,0
DA:205,0
DA:208,0
DA:209,0
DA:212,0
DA:213,0
DA:214,0
LF:34
LH:16
end_of_record
SF:lib/src/database_isolate_io.dart
DA:17,93
DA:19,31
DA:20,32
DA:21,3
DA:25,31
DA:26,63
DA:27,1
DA:28,1
DA:29,2
DA:30,3
DA:31,1
DA:46,31
DA:48,62
DA:54,31
DA:72,31
DA:73,62
DA:75,93
DA:77,1
DA:79,2
DA:82,31
DA:84,31
DA:86,31
DA:87,31
DA:89,93
DA:90,31
DA:91,31
DA:92,31
DA:95,62
DA:97,93
DA:98,93
DA:101,62
DA:104,31
DA:105,31
DA:106,31
DA:108,31
DA:109,124
DA:111,31
DA:112,31
DA:113,2
DA:114,2
DA:115,2
DA:118,31
DA:121,31
DA:123,62
DA:125,27
DA:126,27
DA:128,31
DA:130,62
DA:132,31
DA:134,62
DA:136,0
DA:138,0
DA:140,8
DA:146,16
DA:148,4
DA:150,8
DA:152,0
DA:154,0
DA:156,0
DA:158,0
DA:160,31
DA:161,31
DA:163,31
DA:165,62
DA:167,27
DA:169,27
DA:170,27
DA:171,54
DA:172,54
DA:173,54
DA:174,27
DA:175,27
DA:178,0
DA:180,0
DA:189,62
DA:195,31
DA:196,31
DA:197,31
DA:198,31
DA:200,31
DA:202,31
DA:203,62
DA:208,62
DA:209,31
DA:212,31
DA:213,31
DA:215,31
DA:218,31
DA:220,93
DA:222,6
DA:231,31
DA:240,93
DA:242,0
DA:243,0
DA:244,0
DA:246,62
DA:248,3
DA:250,31
DA:251,186
DA:252,31
DA:255,31
DA:256,27
DA:257,27
DA:258,27
DA:259,27
DA:262,93
DA:263,0
DA:264,31
DA:265,31
DA:266,31
DA:268,31
DA:270,31
DA:272,31
DA:277,93
DA:278,0
DA:279,31
DA:281,29
DA:282,31
DA:284,26
DA:286,26
DA:288,26
DA:292,62
DA:293,31
DA:294,62
DA:295,62
DA:298,31
DA:300,31
DA:301,0
DA:302,0
DA:303,0
DA:304,0
DA:305,0
DA:306,0
DA:309,0
DA:311,0
DA:313,0
DA:315,31
DA:316,8
DA:317,8
DA:318,8
DA:319,8
DA:321,0
DA:322,8
DA:323,8
DA:324,40
DA:325,8
DA:327,8
DA:328,8
DA:330,32
DA:332,8
DA:334,8
DA:336,43
DA:337,0
DA:338,4
DA:339,4
DA:341,3
DA:342,4
DA:344,5
DA:346,4
DA:348,4
DA:350,31
DA:351,0
DA:352,0
DA:354,0
DA:355,0
DA:357,0
DA:359,0
DA:362,0
DA:364,31
DA:365,0
DA:366,0
DA:369,0
DA:370,0
DA:372,0
DA:375,0
DA:379,31
DA:380,0
DA:381,93
DA:383,62
DA:384,0
DA:385,62
DA:390,0
DA:392,0
DA:393,0
DA:394,0
DA:395,0
DA:397,0
DA:398,0
DA:401,0
DA:403,0
DA:406,0
DA:407,0
DA:408,0
DA:409,0
DA:410,0
DA:412,0
DA:413,0
DA:414,0
DA:415,0
DA:417,0
DA:418,0
DA:420,0
DA:422,0
DA:425,0
DA:426,0
DA:427,0
DA:429,0
DA:430,0
DA:432,0
DA:434,0
LF:210
LH:142
end_of_record
