SF:lib/src/database_adapter.dart
DA:12,34
DA:15,99
DA:17,34
DA:22,34
DA:23,33
DA:24,1
DA:26,34
DA:27,34
DA:28,34
DA:31,34
DA:33,34
DA:34,102
DA:35,34
DA:39,32
DA:43,32
DA:44,96
DA:45,32
DA:49,7
DA:62,7
DA:63,1
DA:65,11
DA:66,14
DA:67,10
DA:68,2
DA:69,2
DA:70,4
DA:71,10
DA:72,2
DA:73,7
DA:74,28
DA:76,7
DA:80,33
DA:87,66
DA:88,99
DA:91,3
DA:92,3
DA:94,66
DA:95,33
DA:96,33
DA:97,198
DA:98,33
DA:99,33
DA:100,132
DA:108,10
DA:115,10
DA:116,30
DA:121,6
DA:123,6
DA:124,18
DA:128,14
DA:129,14
DA:131,7
DA:132,7
DA:133,7
DA:135,7
DA:136,7
DA:139,5
DA:144,102
DA:146,102
DA:148,90
DA:150,3
DA:152,3
DA:154,3
DA:156,3
DA:158,3
DA:160,3
DA:170,7
DA:172,2
DA:174,4
DA:176,2
DA:180,4
DA:182,2
DA:194,4
DA:207,5
DA:213,10
DA:220,2
DA:227,4
DA:235,1
DA:237,2
DA:239,1
DA:240,2
DA:248,14
DA:250,14
DA:257,42
DA:260,2
DA:268,4
DA:269,2
DA:273,1
DA:275,3
DA:278,1
DA:280,3
DA:283,1
DA:285,3
DA:288,1
DA:290,3
DA:293,1
DA:295,3
DA:298,14
DA:300,28
DA:302,14
DA:303,28
DA:305,28
DA:306,14
DA:309,2
DA:312,1
DA:315,28
DA:316,14
DA:318,2
DA:334,14
DA:341,2
DA:351,1
DA:358,1
DA:366,14
DA:367,14
DA:368,14
DA:369,14
DA:370,14
DA:371,14
DA:372,14
DA:374,2
DA:375,2
DA:376,2
DA:377,2
DA:378,2
DA:379,2
DA:380,2
DA:382,1
DA:383,4
DA:384,1
DA:385,3
DA:388,0
DA:393,34
DA:400,34
DA:401,3
DA:402,3
DA:403,3
DA:404,2
DA:406,4
DA:407,4
DA:413,10
DA:414,4
DA:415,2
DA:424,1
DA:425,0
DA:427,1
DA:428,3
DA:430,2
DA:431,3
DA:436,2
DA:447,34
DA:448,34
DA:451,34
DA:452,3
DA:454,34
DA:457,34
DA:458,29
DA:460,34
DA:463,34
DA:464,1
LF:159
LH:157
end_of_record
SF:lib/src/db.dart
DA:16,1
DA:17,2
DA:18,0
DA:19,0
DA:20,2
DA:21,1
DA:22,2
DA:83,4
DA:84,8
DA:89,29
DA:90,29
DA:94,32
DA:95,32
DA:96,10
DA:98,62
DA:102,33
DA:114,33
DA:118,5
DA:130,5
DA:132,5
DA:148,33
DA:149,64
DA:152,35
DA:154,33
DA:155,33
DA:159,66
DA:161,33
DA:162,33
DA:163,33
DA:165,1
DA:166,1
DA:168,33
DA:170,33
DA:173,29
DA:174,29
DA:177,33
DA:179,66
DA:181,8
DA:183,2
DA:186,3
DA:189,161
DA:191,33
DA:193,33
DA:194,33
DA:199,34
DA:200,131
DA:201,32
DA:204,33
DA:206,33
DA:208,33
DA:209,66
DA:210,66
DA:211,6
DA:212,4
DA:213,4
DA:214,2
DA:215,0
DA:216,0
DA:222,1
DA:228,33
DA:229,66
DA:230,35
DA:231,6
DA:232,2
DA:233,2
DA:234,2
DA:243,5
DA:246,10
DA:247,6
DA:248,2
DA:249,1
DA:258,33
DA:260,33
DA:264,33
DA:265,97
DA:268,33
DA:271,66
DA:272,33
DA:276,33
DA:278,65
DA:282,2
DA:283,6
DA:286,2
DA:288,4
DA:290,2
DA:292,4
DA:295,2
DA:296,4
DA:297,1
DA:302,2
DA:304,4
DA:308,0
DA:309,0
DA:312,0
DA:315,0
DA:316,0
DA:317,0
DA:318,0
DA:319,0
DA:324,0
DA:325,0
DA:327,0
DA:331,33
DA:332,33
DA:345,33
DA:352,33
DA:354,129
DA:357,33
DA:358,66
DA:361,66
DA:362,33
DA:363,33
DA:366,99
DA:367,99
DA:369,33
DA:370,33
DA:371,33
DA:372,33
DA:376,28
DA:380,66
DA:381,33
DA:384,0
DA:390,1
DA:391,1
DA:392,5
DA:394,2
DA:395,2
DA:397,1
DA:400,4
DA:403,1
DA:404,0
DA:405,0
DA:406,0
DA:407,0
DA:409,0
DA:410,0
DA:418,33
DA:424,33
DA:426,66
DA:427,35
DA:428,4
DA:429,4
DA:430,4
DA:435,33
DA:436,65
DA:441,3
DA:442,3
DA:443,2
DA:445,1
DA:446,5
DA:449,8
DA:452,4
DA:453,4
DA:454,6
DA:460,2
DA:465,2
DA:468,4
DA:471,0
DA:475,4
DA:476,6
DA:481,6
DA:484,4
DA:485,2
DA:486,2
DA:488,2
DA:489,4
DA:492,4
DA:494,2
DA:495,2
DA:504,2
DA:509,2
DA:512,2
DA:515,2
DA:519,2
DA:521,2
DA:522,4
DA:523,2
DA:524,2
DA:525,2
DA:529,2
DA:530,2
DA:534,2
DA:536,6
DA:537,8
DA:538,2
DA:540,4
DA:544,1
DA:545,1
DA:546,1
DA:550,2
DA:552,4
DA:555,3
DA:559,1
DA:560,1
DA:562,1
DA:563,1
DA:564,1
DA:572,3
DA:573,3
DA:574,2
DA:575,1
DA:577,3
DA:579,6
DA:585,6
DA:586,1
DA:588,3
DA:592,2
DA:593,2
DA:594,2
DA:602,28
DA:604,56
DA:605,56
DA:606,28
DA:607,56
DA:608,28
DA:610,28
DA:614,2
DA:615,8
DA:616,4
DA:617,8
DA:618,2
DA:620,4
DA:624,29
DA:630,57
DA:631,2
DA:633,1
DA:634,1
DA:635,3
DA:636,3
DA:638,3
DA:642,1
DA:643,3
DA:649,5
DA:653,5
DA:655,5
DA:657,5
DA:661,10
DA:662,5
DA:666,5
DA:667,5
DA:669,10
DA:670,10
DA:677,3
DA:689,2
DA:695,2
DA:697,2
DA:699,4
DA:701,1
DA:713,2
DA:726,1
DA:728,2
DA:730,1
DA:736,2
DA:738,1
DA:744,2
DA:750,1
DA:751,3
DA:752,1
LF:258
LH:235
end_of_record
SF:lib/src/sql_function.dart
DA:41,1
DA:54,1
DA:55,1
DA:58,1
DA:59,2
DA:60,2
DA:61,2
DA:63,2
DA:82,1
DA:88,1
LF:10
LH:10
end_of_record
SF:lib/src/sqlite_dialect.dart
DA:5,28
DA:7,28
DA:8,140
DA:10,28
DA:13,25
DA:18,10
DA:20,10
DA:21,10
DA:22,50
DA:23,10
DA:24,10
DA:27,10
DA:29,10
LF:13
LH:13
end_of_record
SF:lib/src/database_isolate_common.dart
DA:9,71
DA:15,34
DA:19,36
DA:25,35
DA:31,34
DA:37,1
DA:45,10
DA:52,6
DA:57,1
DA:62,1
DA:66,36
DA:71,34
DA:76,2
DA:83,2
DA:91,1
DA:98,1
DA:105,34
DA:107,36
DA:108,35
DA:112,34
DA:114,68
DA:117,10
DA:118,40
DA:181,0
DA:189,1
DA:191,1
DA:196,3
DA:199,1
DA:205,3
DA:208,1
DA:209,3
DA:212,1
DA:213,3
DA:214,2
LF:34
LH:33
end_of_record
SF:lib/src/database_isolate_io.dart
DA:17,102
DA:19,34
DA:20,35
DA:21,3
DA:25,34
DA:26,69
DA:27,1
DA:28,1
DA:29,2
DA:30,3
DA:31,1
DA:46,34
DA:48,68
DA:54,34
DA:72,34
DA:73,68
DA:75,102
DA:77,1
DA:79,2
DA:82,34
DA:84,34
DA:86,34
DA:87,34
DA:89,102
DA:90,34
DA:91,34
DA:92,34
DA:95,68
DA:97,101
DA:98,99
DA:101,68
DA:104,34
DA:105,34
DA:106,34
DA:108,34
DA:109,136
DA:111,34
DA:112,34
DA:113,3
DA:114,3
DA:115,3
DA:118,34
DA:121,34
DA:123,68
DA:125,30
DA:126,30
DA:128,34
DA:130,68
DA:132,34
DA:134,68
DA:136,1
DA:138,2
DA:140,10
DA:146,20
DA:148,6
DA:150,12
DA:152,1
DA:154,2
DA:156,1
DA:158,2
DA:160,34
DA:161,34
DA:163,34
DA:165,68
DA:167,30
DA:169,30
DA:170,30
DA:171,60
DA:172,60
DA:173,60
DA:174,30
DA:175,30
DA:178,1
DA:180,1
DA:189,68
DA:195,34
DA:196,34
DA:197,34
DA:198,34
DA:200,34
DA:202,34
DA:203,68
DA:208,68
DA:209,34
DA:212,34
DA:213,34
DA:215,34
DA:218,34
DA:220,102
DA:222,9
DA:231,34
DA:240,102
DA:242,1
DA:243,1
DA:244,1
DA:246,68
DA:248,3
DA:250,34
DA:251,201
DA:252,34
DA:255,34
DA:256,30
DA:257,30
DA:258,30
DA:259,30
DA:262,102
DA:263,1
DA:264,34
DA:265,33
DA:266,34
DA:268,33
DA:270,33
DA:272,33
DA:277,102
DA:278,1
DA:279,34
DA:281,32
DA:282,34
DA:284,29
DA:286,29
DA:288,29
DA:292,68
DA:293,34
DA:294,68
DA:295,68
DA:298,34
DA:300,36
DA:301,1
DA:302,1
DA:303,2
DA:304,3
DA:305,1
DA:306,2
DA:309,5
DA:311,1
DA:313,1
DA:315,34
DA:316,10
DA:317,10
DA:318,10
DA:319,10
DA:321,1
DA:322,10
DA:323,10
DA:324,50
DA:325,10
DA:327,10
DA:328,10
DA:330,40
DA:332,10
DA:334,10
DA:336,52
DA:337,1
DA:338,6
DA:339,6
DA:341,5
DA:342,6
DA:344,7
DA:346,6
DA:348,6
DA:350,35
DA:351,1
DA:352,1
DA:354,2
DA:355,1
DA:357,1
DA:359,1
DA:362,1
DA:364,35
DA:365,1
DA:366,1
DA:369,2
DA:370,1
DA:372,1
DA:375,1
DA:379,34
DA:380,1
DA:381,102
DA:383,68
DA:384,1
DA:385,68
DA:390,1
DA:392,4
DA:393,1
DA:394,2
DA:395,3
DA:397,1
DA:398,2
DA:401,5
DA:403,1
DA:406,1
DA:407,1
DA:408,1
DA:409,1
DA:410,1
DA:412,1
DA:413,1
DA:414,5
DA:415,1
DA:417,1
DA:418,1
DA:420,4
DA:422,1
DA:425,4
DA:426,1
DA:427,1
DA:429,1
DA:430,1
DA:432,1
DA:434,1
LF:210
LH:210
end_of_record
