SF:/Users/interdev7/Documents/phorm/packages/phorm_annotations/lib/src/models.dart
DA:10,2
LF:1
LH:1
end_of_record
SF:/Users/interdev7/Documents/phorm/packages/phorm_annotations/lib/src/seeders.dart
DA:10,1
DA:11,3
LF:2
LH:2
end_of_record
SF:/Users/interdev7/Documents/phorm/packages/phorm_annotations/lib/src/value_converter.dart
DA:14,1
LF:1
LH:1
end_of_record
SF:/Users/interdev7/Documents/phorm/packages/phorm_annotations/lib/src/validators.dart
DA:3,0
DA:11,0
DA:57,0
DA:77,1
LF:4
LH:1
end_of_record
SF:/Users/interdev7/Documents/phorm/packages/phorm_annotations/lib/src/annotations.dart
DA:56,1
DA:72,1
DA:93,1
DA:145,1
DA:173,1
DA:187,1
DA:195,1
DA:200,1
DA:208,1
DA:213,1
DA:221,1
DA:226,1
DA:245,1
DA:256,1
DA:268,1
DA:288,1
DA:292,1
DA:297,1
DA:300,1
DA:310,1
DA:312,1
DA:313,1
DA:322,1
DA:324,1
DA:326,2
DA:330,3
DA:332,1
DA:333,1
DA:341,1
DA:342,1
DA:345,1
DA:346,1
DA:354,1
DA:356,1
DA:357,1
DA:362,1
DA:364,1
DA:366,5
DA:380,1
LF:39
LH:39
end_of_record
SF:/Users/interdev7/Documents/phorm/packages/phorm_annotations/lib/src/columns.dart
DA:10,1
DA:12,1
DA:13,5
DA:19,2
DA:22,2
DA:25,2
DA:28,2
DA:31,2
DA:34,2
DA:37,2
DA:40,1
DA:41,1
DA:44,1
DA:45,1
DA:48,1
DA:49,1
DA:52,1
DA:53,1
DA:56,2
DA:59,1
DA:60,1
DA:63,1
DA:64,2
DA:67,1
DA:68,2
DA:71,1
DA:72,1
DA:75,1
DA:76,1
DA:79,2
DA:82,2
DA:85,2
DA:88,2
DA:95,1
DA:96,1
DA:99,1
DA:100,1
DA:103,1
DA:104,1
DA:107,1
DA:108,1
DA:111,1
DA:112,1
DA:115,1
DA:116,1
DA:119,1
DA:120,2
DA:123,1
DA:124,2
DA:127,1
DA:128,2
DA:135,1
DA:136,1
DA:139,1
DA:140,1
DA:143,1
DA:144,1
DA:147,1
DA:148,2
DA:151,1
DA:152,1
DA:161,1
LF:62
LH:62
end_of_record
SF:/Users/interdev7/Documents/phorm/packages/phorm_annotations/lib/src/dialect.dart
DA:36,1
DA:38,1
DA:41,1
DA:44,1
DA:46,1
DA:47,1
DA:48,5
DA:49,1
DA:50,1
DA:53,1
DA:55,1
LF:11
LH:11
end_of_record
SF:/Users/interdev7/Documents/phorm/packages/phorm_annotations/lib/src/exceptions.dart
DA:8,1
DA:15,1
DA:17,7
DA:27,1
DA:34,1
DA:36,7
LF:6
LH:6
end_of_record
SF:/Users/interdev7/Documents/phorm/packages/phorm_annotations/lib/src/logger.dart
DA:23,1
DA:32,1
DA:33,1
DA:34,1
DA:37,1
DA:39,3
DA:42,1
DA:45,1
DA:46,2
DA:47,1
DA:48,1
DA:49,5
DA:53,1
DA:56,1
DA:57,2
DA:58,1
DA:59,1
DA:60,5
DA:64,1
DA:66,3
DA:68,3
DA:71,3
LF:22
LH:22
end_of_record
SF:/Users/interdev7/Documents/phorm/packages/phorm_annotations/lib/src/migration_builder.dart
DA:33,1
DA:45,1
DA:50,2
DA:51,1
DA:52,1
DA:55,1
DA:57,2
DA:58,2
DA:59,2
DA:77,1
DA:85,1
DA:86,3
DA:90,1
DA:94,2
DA:97,1
DA:98,1
DA:100,1
DA:110,1
DA:115,1
DA:116,1
DA:119,2
DA:133,1
DA:139,1
DA:140,3
DA:142,1
DA:157,1
DA:165,1
DA:167,1
DA:168,3
DA:171,1
DA:181,1
DA:186,1
DA:187,1
DA:189,1
DA:209,1
DA:215,2
DA:216,1
DA:217,1
DA:220,2
DA:221,2
DA:239,1
DA:250,1
DA:253,1
DA:255,1
DA:256,1
DA:257,1
DA:258,1
DA:269,1
DA:274,1
DA:277,1
DA:278,1
DA:281,2
DA:288,1
DA:293,1
DA:294,1
DA:304,1
DA:311,1
DA:312,2
DA:313,2
DA:317,1
DA:318,1
DA:319,2
DA:320,2
DA:321,2
DA:322,2
DA:323,2
DA:324,3
DA:325,2
DA:326,2
LF:69
LH:69
end_of_record
SF:/Users/interdev7/Documents/phorm/packages/phorm_annotations/lib/src/referential_action.dart
DA:25,0
LF:1
LH:0
end_of_record
SF:/Users/interdev7/Documents/phorm/packages/phorm_annotations/lib/src/result_data.dart
DA:6,1
DA:15,1
LF:2
LH:2
end_of_record
SF:/Users/interdev7/Documents/phorm/packages/phorm_annotations/lib/src/sql_types.dart
DA:3,1
DA:9,1
DA:14,1
DA:19,1
DA:24,1
DA:29,1
DA:34,1
DA:39,1
DA:46,1
DA:51,1
DA:56,1
DA:61,1
DA:66,1
DA:71,1
DA:76,1
DA:97,0
DA:111,0
LF:17
LH:15
end_of_record
SF:/Users/interdev7/Documents/phorm/packages/phorm_annotations/lib/src/table.dart
DA:63,2
DA:72,1
DA:84,1
DA:87,1
DA:88,1
DA:89,1
DA:90,1
DA:94,1
DA:95,2
LF:9
LH:9
end_of_record
SF:/Users/interdev7/Documents/phorm/packages/phorm_annotations/lib/src/table_migration.dart
DA:25,1
LF:1
LH:1
end_of_record
